2018-10-22 13:17:45,799 DEBUG c.k.s.Test [main] Debug mode: param 
2018-10-22 13:17:45,804 INFO c.k.s.Test [main] Info mode: param 
2018-10-22 13:17:45,804 ERROR c.k.s.Test [main] Error mode: param 
2018-10-22 13:17:45,806 ERROR c.k.s.Test [main] Here exception:  java.lang.ArithmeticException: / by zero
	at com.kuha.sergey.Test.logMethod(Test.java:35)
	at com.kuha.sergey.Test.main(Test.java:12)

2018-10-22 13:17:45,815 INFO c.k.s.Test [main] Exiting application. 
2018-10-22 13:55:47,710 ERROR c.k.s.Test [main] Error mode: param 
2018-10-22 13:55:47,718 ERROR c.k.s.Test [main] Here exception:  java.lang.ArithmeticException: / by zero
	at com.kuha.sergey.Test.logMethod(Test.java:34)
	at com.kuha.sergey.Test.main(Test.java:11)

2018-10-22 13:56:23,681 DEBUG c.k.s.Test [main] Debug mode: param 
2018-10-22 13:56:23,689 INFO c.k.s.Test [main] Info mode: param 
2018-10-22 13:56:23,689 ERROR c.k.s.Test [main] Error mode: param 
2018-10-22 13:56:23,692 ERROR c.k.s.Test [main] Here exception:  java.lang.ArithmeticException: / by zero
	at com.kuha.sergey.Test.logMethod(Test.java:34)
	at com.kuha.sergey.Test.main(Test.java:11)

2018-10-22 13:56:23,704 INFO c.k.s.Test [main] Exiting application. 
2018-10-22 14:03:06,110 INFO c.k.s.Test [main] Application start. 
2018-10-22 14:03:06,127 DEBUG c.k.s.Test [main] Debug mode: param 
2018-10-22 14:03:06,127 INFO c.k.s.Test [main] Info mode: param 
2018-10-22 14:03:06,127 ERROR c.k.s.Test [main] Error mode: param 
2018-10-22 14:03:06,130 ERROR c.k.s.Test [main] Here exception:  java.lang.ArithmeticException: / by zero
	at com.kuha.sergey.Test.logMethod(Test.java:34)
	at com.kuha.sergey.Test.main(Test.java:11)

2018-10-22 14:03:06,168 INFO c.k.s.Test [main] Exiting application. 
